{
  level: 'error',
  timestamp: '2023-06-19 19:23:36',
  message: "Cannot set properties of undefined (setting 'otpNum')",
  stack: "TypeError: Cannot set properties of undefined (setting 'otpNum')\n" +
    '    at D:\\internship\\mercelll\\assg1\\server\\express-typescript\\app\\src\\controllers\\Auth\\Login.ts:17:32\n' +
    '    at Generator.next (<anonymous>)\n' +
    '    at D:\\internship\\mercelll\\assg1\\server\\express-typescript\\app\\src\\controllers\\Auth\\Login.ts:8:71\n' +
    '    at new Promise (<anonymous>)\n' +
    '    at __awaiter (D:\\internship\\mercelll\\assg1\\server\\express-typescript\\app\\src\\controllers\\Auth\\Login.ts:4:12)\n' +
    '    at otpLogin (D:\\internship\\mercelll\\assg1\\server\\express-typescript\\app\\src\\controllers\\Auth\\Login.ts:21:16)\n' +
    '    at Layer.handle [as handle_request] (D:\\internship\\mercelll\\assg1\\server\\express-typescript\\app\\node_modules\\express\\lib\\router\\layer.js:95:5)\n' +
    '    at next (D:\\internship\\mercelll\\assg1\\server\\express-typescript\\app\\node_modules\\express\\lib\\router\\route.js:144:13)\n' +
    '    at D:\\internship\\mercelll\\assg1\\server\\express-typescript\\app\\src\\middlewares\\Validate.ts:23:17\n' +
    '    at Layer.handle [as handle_request] (D:\\internship\\mercelll\\assg1\\server\\express-typescript\\app\\node_modules\\express\\lib\\router\\layer.js:95:5)'
}
{
  level: 'error',
  timestamp: '2023-06-19 19:25:00',
  message: "Cannot set properties of undefined (setting 'otpNum')",
  stack: "TypeError: Cannot set properties of undefined (setting 'otpNum')\n" +
    '    at D:\\internship\\mercelll\\assg1\\server\\express-typescript\\app\\src\\controllers\\Auth\\Login.ts:17:32\n' +
    '    at Generator.next (<anonymous>)\n' +
    '    at D:\\internship\\mercelll\\assg1\\server\\express-typescript\\app\\src\\controllers\\Auth\\Login.ts:8:71\n' +
    '    at new Promise (<anonymous>)\n' +
    '    at __awaiter (D:\\internship\\mercelll\\assg1\\server\\express-typescript\\app\\src\\controllers\\Auth\\Login.ts:4:12)\n' +
    '    at otpLogin (D:\\internship\\mercelll\\assg1\\server\\express-typescript\\app\\src\\controllers\\Auth\\Login.ts:21:16)\n' +
    '    at Layer.handle [as handle_request] (D:\\internship\\mercelll\\assg1\\server\\express-typescript\\app\\node_modules\\express\\lib\\router\\layer.js:95:5)\n' +
    '    at next (D:\\internship\\mercelll\\assg1\\server\\express-typescript\\app\\node_modules\\express\\lib\\router\\route.js:144:13)\n' +
    '    at D:\\internship\\mercelll\\assg1\\server\\express-typescript\\app\\src\\middlewares\\Validate.ts:23:17\n' +
    '    at Layer.handle [as handle_request] (D:\\internship\\mercelll\\assg1\\server\\express-typescript\\app\\node_modules\\express\\lib\\router\\layer.js:95:5)'
}
{
  level: 'error',
  timestamp: '2023-06-19 19:28:15',
  message: "Cannot set properties of undefined (setting 'otpNum')",
  stack: "TypeError: Cannot set properties of undefined (setting 'otpNum')\n" +
    '    at D:\\internship\\mercelll\\assg1\\server\\express-typescript\\app\\src\\controllers\\Auth\\Login.ts:17:32\n' +
    '    at Generator.next (<anonymous>)\n' +
    '    at D:\\internship\\mercelll\\assg1\\server\\express-typescript\\app\\src\\controllers\\Auth\\Login.ts:8:71\n' +
    '    at new Promise (<anonymous>)\n' +
    '    at __awaiter (D:\\internship\\mercelll\\assg1\\server\\express-typescript\\app\\src\\controllers\\Auth\\Login.ts:4:12)\n' +
    '    at otpLogin (D:\\internship\\mercelll\\assg1\\server\\express-typescript\\app\\src\\controllers\\Auth\\Login.ts:21:16)\n' +
    '    at Layer.handle [as handle_request] (D:\\internship\\mercelll\\assg1\\server\\express-typescript\\app\\node_modules\\express\\lib\\router\\layer.js:95:5)\n' +
    '    at next (D:\\internship\\mercelll\\assg1\\server\\express-typescript\\app\\node_modules\\express\\lib\\router\\route.js:144:13)\n' +
    '    at D:\\internship\\mercelll\\assg1\\server\\express-typescript\\app\\src\\middlewares\\Validate.ts:23:17\n' +
    '    at Layer.handle [as handle_request] (D:\\internship\\mercelll\\assg1\\server\\express-typescript\\app\\node_modules\\express\\lib\\router\\layer.js:95:5)'
}
{
  level: 'error',
  timestamp: '2023-06-19 19:28:30',
  message: "Cannot set properties of undefined (setting 'otpNum')",
  stack: "TypeError: Cannot set properties of undefined (setting 'otpNum')\n" +
    '    at D:\\internship\\mercelll\\assg1\\server\\express-typescript\\app\\src\\controllers\\Auth\\Login.ts:17:32\n' +
    '    at Generator.next (<anonymous>)\n' +
    '    at D:\\internship\\mercelll\\assg1\\server\\express-typescript\\app\\src\\controllers\\Auth\\Login.ts:8:71\n' +
    '    at new Promise (<anonymous>)\n' +
    '    at __awaiter (D:\\internship\\mercelll\\assg1\\server\\express-typescript\\app\\src\\controllers\\Auth\\Login.ts:4:12)\n' +
    '    at otpLogin (D:\\internship\\mercelll\\assg1\\server\\express-typescript\\app\\src\\controllers\\Auth\\Login.ts:21:16)\n' +
    '    at Layer.handle [as handle_request] (D:\\internship\\mercelll\\assg1\\server\\express-typescript\\app\\node_modules\\express\\lib\\router\\layer.js:95:5)\n' +
    '    at next (D:\\internship\\mercelll\\assg1\\server\\express-typescript\\app\\node_modules\\express\\lib\\router\\route.js:144:13)\n' +
    '    at D:\\internship\\mercelll\\assg1\\server\\express-typescript\\app\\src\\middlewares\\Validate.ts:23:17\n' +
    '    at Layer.handle [as handle_request] (D:\\internship\\mercelll\\assg1\\server\\express-typescript\\app\\node_modules\\express\\lib\\router\\layer.js:95:5)'
}
{
  level: 'error',
  timestamp: '2023-06-19 19:28:51',
  message: "Cannot set properties of undefined (setting 'otpNum')",
  stack: "TypeError: Cannot set properties of undefined (setting 'otpNum')\n" +
    '    at D:\\internship\\mercelll\\assg1\\server\\express-typescript\\app\\src\\controllers\\Auth\\Login.ts:17:32\n' +
    '    at Generator.next (<anonymous>)\n' +
    '    at D:\\internship\\mercelll\\assg1\\server\\express-typescript\\app\\src\\controllers\\Auth\\Login.ts:8:71\n' +
    '    at new Promise (<anonymous>)\n' +
    '    at __awaiter (D:\\internship\\mercelll\\assg1\\server\\express-typescript\\app\\src\\controllers\\Auth\\Login.ts:4:12)\n' +
    '    at otpLogin (D:\\internship\\mercelll\\assg1\\server\\express-typescript\\app\\src\\controllers\\Auth\\Login.ts:21:16)\n' +
    '    at Layer.handle [as handle_request] (D:\\internship\\mercelll\\assg1\\server\\express-typescript\\app\\node_modules\\express\\lib\\router\\layer.js:95:5)\n' +
    '    at next (D:\\internship\\mercelll\\assg1\\server\\express-typescript\\app\\node_modules\\express\\lib\\router\\route.js:144:13)\n' +
    '    at D:\\internship\\mercelll\\assg1\\server\\express-typescript\\app\\src\\middlewares\\Validate.ts:23:17\n' +
    '    at Layer.handle [as handle_request] (D:\\internship\\mercelll\\assg1\\server\\express-typescript\\app\\node_modules\\express\\lib\\router\\layer.js:95:5)'
}
{
  code: 'EAUTH',
  response: '535-5.7.8 Username and Password not accepted. Learn more at\n' +
    '535 5.7.8  https://support.google.com/mail/?p=BadCredentials u10-20020a170902bf4a00b001b2063d43a7sm20514789pls.249 - gsmtp',
  responseCode: 535,
  command: 'AUTH PLAIN',
  level: 'error',
  timestamp: '2023-06-19 19:37:36',
  message: 'Invalid login: 535-5.7.8 Username and Password not accepted. Learn more at\n' +
    '535 5.7.8  https://support.google.com/mail/?p=BadCredentials u10-20020a170902bf4a00b001b2063d43a7sm20514789pls.249 - gsmtp',
  stack: 'Error: Invalid login: 535-5.7.8 Username and Password not accepted. Learn more at\n' +
    '535 5.7.8  https://support.google.com/mail/?p=BadCredentials u10-20020a170902bf4a00b001b2063d43a7sm20514789pls.249 - gsmtp\n' +
    '    at SMTPConnection._formatError (D:\\internship\\mercelll\\assg1\\server\\express-typescript\\app\\node_modules\\nodemailer\\lib\\smtp-connection\\index.js:790:19)\n' +
    '    at SMTPConnection._actionAUTHComplete (D:\\internship\\mercelll\\assg1\\server\\express-typescript\\app\\node_modules\\nodemailer\\lib\\smtp-connection\\index.js:1564:34)\n' +
    '    at SMTPConnection.<anonymous> (D:\\internship\\mercelll\\assg1\\server\\express-typescript\\app\\node_modules\\nodemailer\\lib\\smtp-connection\\index.js:546:26)\n' +
    '    at SMTPConnection._processResponse (D:\\internship\\mercelll\\assg1\\server\\express-typescript\\app\\node_modules\\nodemailer\\lib\\smtp-connection\\index.js:969:20)\n' +
    '    at SMTPConnection._onData (D:\\internship\\mercelll\\assg1\\server\\express-typescript\\app\\node_modules\\nodemailer\\lib\\smtp-connection\\index.js:755:14)\n' +
    '    at TLSSocket.SMTPConnection._onSocketData (D:\\internship\\mercelll\\assg1\\server\\express-typescript\\app\\node_modules\\nodemailer\\lib\\smtp-connection\\index.js:193:44)\n' +
    '    at TLSSocket.emit (node:events:513:28)\n' +
    '    at addChunk (node:internal/streams/readable:324:12)\n' +
    '    at readableAddChunk (node:internal/streams/readable:297:9)\n' +
    '    at TLSSocket.Readable.push (node:internal/streams/readable:234:10)'
}
{
  code: 'ERR_HTTP_HEADERS_SENT',
  level: 'error',
  timestamp: '2023-06-19 19:37:36',
  message: 'Cannot set headers after they are sent to the client',
  stack: 'Error: Cannot set headers after they are sent to the client\n' +
    '    at new NodeError (node:internal/errors:400:5)\n' +
    '    at ServerResponse.setHeader (node:_http_outgoing:663:11)\n' +
    '    at ServerResponse.header (D:\\internship\\mercelll\\assg1\\server\\express-typescript\\app\\node_modules\\express\\lib\\response.js:794:10)\n' +
    '    at ServerResponse.send (D:\\internship\\mercelll\\assg1\\server\\express-typescript\\app\\node_modules\\express\\lib\\response.js:174:12)\n' +
    '    at ServerResponse.json (D:\\internship\\mercelll\\assg1\\server\\express-typescript\\app\\node_modules\\express\\lib\\response.js:278:15)\n' +
    '    at D:\\internship\\mercelll\\assg1\\server\\express-typescript\\app\\src\\controllers\\Auth\\Login.ts:29:36\n' +
    '    at Generator.next (<anonymous>)\n' +
    '    at fulfilled (D:\\internship\\mercelll\\assg1\\server\\express-typescript\\app\\src\\controllers\\Auth\\Login.ts:5:58)\n' +
    '    at processTicksAndRejections (node:internal/process/task_queues:95:5)'
}
{
  code: 'EAUTH',
  response: '535-5.7.8 Username and Password not accepted. Learn more at\n' +
    '535 5.7.8  https://support.google.com/mail/?p=BadCredentials k13-20020aa7820d000000b0064f708ca12asm12579704pfi.70 - gsmtp',
  responseCode: 535,
  command: 'AUTH PLAIN',
  level: 'error',
  timestamp: '2023-06-19 19:37:59',
  message: 'Invalid login: 535-5.7.8 Username and Password not accepted. Learn more at\n' +
    '535 5.7.8  https://support.google.com/mail/?p=BadCredentials k13-20020aa7820d000000b0064f708ca12asm12579704pfi.70 - gsmtp',
  stack: 'Error: Invalid login: 535-5.7.8 Username and Password not accepted. Learn more at\n' +
    '535 5.7.8  https://support.google.com/mail/?p=BadCredentials k13-20020aa7820d000000b0064f708ca12asm12579704pfi.70 - gsmtp\n' +
    '    at SMTPConnection._formatError (D:\\internship\\mercelll\\assg1\\server\\express-typescript\\app\\node_modules\\nodemailer\\lib\\smtp-connection\\index.js:790:19)\n' +
    '    at SMTPConnection._actionAUTHComplete (D:\\internship\\mercelll\\assg1\\server\\express-typescript\\app\\node_modules\\nodemailer\\lib\\smtp-connection\\index.js:1564:34)\n' +
    '    at SMTPConnection.<anonymous> (D:\\internship\\mercelll\\assg1\\server\\express-typescript\\app\\node_modules\\nodemailer\\lib\\smtp-connection\\index.js:546:26)\n' +
    '    at SMTPConnection._processResponse (D:\\internship\\mercelll\\assg1\\server\\express-typescript\\app\\node_modules\\nodemailer\\lib\\smtp-connection\\index.js:969:20)\n' +
    '    at SMTPConnection._onData (D:\\internship\\mercelll\\assg1\\server\\express-typescript\\app\\node_modules\\nodemailer\\lib\\smtp-connection\\index.js:755:14)\n' +
    '    at TLSSocket.SMTPConnection._onSocketData (D:\\internship\\mercelll\\assg1\\server\\express-typescript\\app\\node_modules\\nodemailer\\lib\\smtp-connection\\index.js:193:44)\n' +
    '    at TLSSocket.emit (node:events:513:28)\n' +
    '    at addChunk (node:internal/streams/readable:324:12)\n' +
    '    at readableAddChunk (node:internal/streams/readable:297:9)\n' +
    '    at TLSSocket.Readable.push (node:internal/streams/readable:234:10)'
}
{
  code: 'EAUTH',
  response: '535-5.7.8 Username and Password not accepted. Learn more at\n' +
    '535 5.7.8  https://support.google.com/mail/?p=BadCredentials x18-20020aa793b2000000b0065da94fe917sm2519421pff.36 - gsmtp',
  responseCode: 535,
  command: 'AUTH PLAIN',
  level: 'error',
  timestamp: '2023-06-19 19:42:22',
  message: 'Invalid login: 535-5.7.8 Username and Password not accepted. Learn more at\n' +
    '535 5.7.8  https://support.google.com/mail/?p=BadCredentials x18-20020aa793b2000000b0065da94fe917sm2519421pff.36 - gsmtp',
  stack: 'Error: Invalid login: 535-5.7.8 Username and Password not accepted. Learn more at\n' +
    '535 5.7.8  https://support.google.com/mail/?p=BadCredentials x18-20020aa793b2000000b0065da94fe917sm2519421pff.36 - gsmtp\n' +
    '    at SMTPConnection._formatError (D:\\internship\\mercelll\\assg1\\server\\express-typescript\\app\\node_modules\\nodemailer\\lib\\smtp-connection\\index.js:790:19)\n' +
    '    at SMTPConnection._actionAUTHComplete (D:\\internship\\mercelll\\assg1\\server\\express-typescript\\app\\node_modules\\nodemailer\\lib\\smtp-connection\\index.js:1564:34)\n' +
    '    at SMTPConnection.<anonymous> (D:\\internship\\mercelll\\assg1\\server\\express-typescript\\app\\node_modules\\nodemailer\\lib\\smtp-connection\\index.js:546:26)\n' +
    '    at SMTPConnection._processResponse (D:\\internship\\mercelll\\assg1\\server\\express-typescript\\app\\node_modules\\nodemailer\\lib\\smtp-connection\\index.js:969:20)\n' +
    '    at SMTPConnection._onData (D:\\internship\\mercelll\\assg1\\server\\express-typescript\\app\\node_modules\\nodemailer\\lib\\smtp-connection\\index.js:755:14)\n' +
    '    at TLSSocket.SMTPConnection._onSocketData (D:\\internship\\mercelll\\assg1\\server\\express-typescript\\app\\node_modules\\nodemailer\\lib\\smtp-connection\\index.js:193:44)\n' +
    '    at TLSSocket.emit (node:events:513:28)\n' +
    '    at addChunk (node:internal/streams/readable:324:12)\n' +
    '    at readableAddChunk (node:internal/streams/readable:297:9)\n' +
    '    at TLSSocket.Readable.push (node:internal/streams/readable:234:10)'
}
{
  code: 'EAUTH',
  response: '535-5.7.8 Username and Password not accepted. Learn more at\n' +
    '535 5.7.8  https://support.google.com/mail/?p=BadCredentials z6-20020a170902834600b001ab0672fc1fsm20577012pln.105 - gsmtp',
  responseCode: 535,
  command: 'AUTH PLAIN',
  level: 'error',
  timestamp: '2023-06-19 19:48:48',
  message: 'Invalid login: 535-5.7.8 Username and Password not accepted. Learn more at\n' +
    '535 5.7.8  https://support.google.com/mail/?p=BadCredentials z6-20020a170902834600b001ab0672fc1fsm20577012pln.105 - gsmtp',
  stack: 'Error: Invalid login: 535-5.7.8 Username and Password not accepted. Learn more at\n' +
    '535 5.7.8  https://support.google.com/mail/?p=BadCredentials z6-20020a170902834600b001ab0672fc1fsm20577012pln.105 - gsmtp\n' +
    '    at SMTPConnection._formatError (D:\\internship\\mercelll\\assg1\\server\\express-typescript\\app\\node_modules\\nodemailer\\lib\\smtp-connection\\index.js:790:19)\n' +
    '    at SMTPConnection._actionAUTHComplete (D:\\internship\\mercelll\\assg1\\server\\express-typescript\\app\\node_modules\\nodemailer\\lib\\smtp-connection\\index.js:1564:34)\n' +
    '    at SMTPConnection.<anonymous> (D:\\internship\\mercelll\\assg1\\server\\express-typescript\\app\\node_modules\\nodemailer\\lib\\smtp-connection\\index.js:546:26)\n' +
    '    at SMTPConnection._processResponse (D:\\internship\\mercelll\\assg1\\server\\express-typescript\\app\\node_modules\\nodemailer\\lib\\smtp-connection\\index.js:969:20)\n' +
    '    at SMTPConnection._onData (D:\\internship\\mercelll\\assg1\\server\\express-typescript\\app\\node_modules\\nodemailer\\lib\\smtp-connection\\index.js:755:14)\n' +
    '    at TLSSocket.SMTPConnection._onSocketData (D:\\internship\\mercelll\\assg1\\server\\express-typescript\\app\\node_modules\\nodemailer\\lib\\smtp-connection\\index.js:193:44)\n' +
    '    at TLSSocket.emit (node:events:513:28)\n' +
    '    at addChunk (node:internal/streams/readable:324:12)\n' +
    '    at readableAddChunk (node:internal/streams/readable:297:9)\n' +
    '    at TLSSocket.Readable.push (node:internal/streams/readable:234:10)'
}
{
  code: 'EAUTH',
  response: '535-5.7.8 Username and Password not accepted. Learn more at\n' +
    '535 5.7.8  https://support.google.com/mail/?p=BadCredentials e1-20020aa78c41000000b0064fabbc047dsm17547417pfd.55 - gsmtp',
  responseCode: 535,
  command: 'AUTH PLAIN',
  level: 'error',
  timestamp: '2023-06-19 19:49:46',
  message: 'Invalid login: 535-5.7.8 Username and Password not accepted. Learn more at\n' +
    '535 5.7.8  https://support.google.com/mail/?p=BadCredentials e1-20020aa78c41000000b0064fabbc047dsm17547417pfd.55 - gsmtp',
  stack: 'Error: Invalid login: 535-5.7.8 Username and Password not accepted. Learn more at\n' +
    '535 5.7.8  https://support.google.com/mail/?p=BadCredentials e1-20020aa78c41000000b0064fabbc047dsm17547417pfd.55 - gsmtp\n' +
    '    at SMTPConnection._formatError (D:\\internship\\mercelll\\assg1\\server\\express-typescript\\app\\node_modules\\nodemailer\\lib\\smtp-connection\\index.js:790:19)\n' +
    '    at SMTPConnection._actionAUTHComplete (D:\\internship\\mercelll\\assg1\\server\\express-typescript\\app\\node_modules\\nodemailer\\lib\\smtp-connection\\index.js:1564:34)\n' +
    '    at SMTPConnection.<anonymous> (D:\\internship\\mercelll\\assg1\\server\\express-typescript\\app\\node_modules\\nodemailer\\lib\\smtp-connection\\index.js:546:26)\n' +
    '    at SMTPConnection._processResponse (D:\\internship\\mercelll\\assg1\\server\\express-typescript\\app\\node_modules\\nodemailer\\lib\\smtp-connection\\index.js:969:20)\n' +
    '    at SMTPConnection._onData (D:\\internship\\mercelll\\assg1\\server\\express-typescript\\app\\node_modules\\nodemailer\\lib\\smtp-connection\\index.js:755:14)\n' +
    '    at TLSSocket.SMTPConnection._onSocketData (D:\\internship\\mercelll\\assg1\\server\\express-typescript\\app\\node_modules\\nodemailer\\lib\\smtp-connection\\index.js:193:44)\n' +
    '    at TLSSocket.emit (node:events:513:28)\n' +
    '    at addChunk (node:internal/streams/readable:324:12)\n' +
    '    at readableAddChunk (node:internal/streams/readable:297:9)\n' +
    '    at TLSSocket.Readable.push (node:internal/streams/readable:234:10)'
}
{
  code: 'EAUTH',
  response: '534-5.7.9 Application-specific password required. Learn more at\n' +
    '534 5.7.9  https://support.google.com/mail/?p=InvalidSecondFactor 13-20020a170902ee4d00b001b3d7499141sm1291321plo.72 - gsmtp',
  responseCode: 534,
  command: 'AUTH PLAIN',
  level: 'error',
  timestamp: '2023-06-19 20:00:00',
  message: 'Invalid login: 534-5.7.9 Application-specific password required. Learn more at\n' +
    '534 5.7.9  https://support.google.com/mail/?p=InvalidSecondFactor 13-20020a170902ee4d00b001b3d7499141sm1291321plo.72 - gsmtp',
  stack: 'Error: Invalid login: 534-5.7.9 Application-specific password required. Learn more at\n' +
    '534 5.7.9  https://support.google.com/mail/?p=InvalidSecondFactor 13-20020a170902ee4d00b001b3d7499141sm1291321plo.72 - gsmtp\n' +
    '    at SMTPConnection._formatError (D:\\internship\\mercelll\\assg1\\server\\express-typescript\\app\\node_modules\\nodemailer\\lib\\smtp-connection\\index.js:790:19)\n' +
    '    at SMTPConnection._actionAUTHComplete (D:\\internship\\mercelll\\assg1\\server\\express-typescript\\app\\node_modules\\nodemailer\\lib\\smtp-connection\\index.js:1564:34)\n' +
    '    at SMTPConnection.<anonymous> (D:\\internship\\mercelll\\assg1\\server\\express-typescript\\app\\node_modules\\nodemailer\\lib\\smtp-connection\\index.js:546:26)\n' +
    '    at SMTPConnection._processResponse (D:\\internship\\mercelll\\assg1\\server\\express-typescript\\app\\node_modules\\nodemailer\\lib\\smtp-connection\\index.js:969:20)\n' +
    '    at SMTPConnection._onData (D:\\internship\\mercelll\\assg1\\server\\express-typescript\\app\\node_modules\\nodemailer\\lib\\smtp-connection\\index.js:755:14)\n' +
    '    at TLSSocket.SMTPConnection._onSocketData (D:\\internship\\mercelll\\assg1\\server\\express-typescript\\app\\node_modules\\nodemailer\\lib\\smtp-connection\\index.js:193:44)\n' +
    '    at TLSSocket.emit (node:events:513:28)\n' +
    '    at addChunk (node:internal/streams/readable:324:12)\n' +
    '    at readableAddChunk (node:internal/streams/readable:297:9)\n' +
    '    at TLSSocket.Readable.push (node:internal/streams/readable:234:10)'
}
{
  code: 'ERR_HTTP_HEADERS_SENT',
  level: 'error',
  timestamp: '2023-06-19 20:00:00',
  message: 'Cannot set headers after they are sent to the client',
  stack: 'Error: Cannot set headers after they are sent to the client\n' +
    '    at new NodeError (node:internal/errors:400:5)\n' +
    '    at ServerResponse.setHeader (node:_http_outgoing:663:11)\n' +
    '    at ServerResponse.header (D:\\internship\\mercelll\\assg1\\server\\express-typescript\\app\\node_modules\\express\\lib\\response.js:794:10)\n' +
    '    at ServerResponse.send (D:\\internship\\mercelll\\assg1\\server\\express-typescript\\app\\node_modules\\express\\lib\\response.js:174:12)\n' +
    '    at ServerResponse.json (D:\\internship\\mercelll\\assg1\\server\\express-typescript\\app\\node_modules\\express\\lib\\response.js:278:15)\n' +
    '    at D:\\internship\\mercelll\\assg1\\server\\express-typescript\\app\\src\\controllers\\Auth\\Login.ts:29:36\n' +
    '    at Generator.next (<anonymous>)\n' +
    '    at fulfilled (D:\\internship\\mercelll\\assg1\\server\\express-typescript\\app\\src\\controllers\\Auth\\Login.ts:5:58)\n' +
    '    at processTicksAndRejections (node:internal/process/task_queues:95:5)'
}
{
  code: 'EAUTH',
  response: '534-5.7.9 Application-specific password required. Learn more at\n' +
    '534 5.7.9  https://support.google.com/mail/?p=InvalidSecondFactor 26-20020a17090a031a00b002502161b063sm6111310pje.54 - gsmtp',
  responseCode: 534,
  command: 'AUTH PLAIN',
  level: 'error',
  timestamp: '2023-06-19 20:01:23',
  message: 'Invalid login: 534-5.7.9 Application-specific password required. Learn more at\n' +
    '534 5.7.9  https://support.google.com/mail/?p=InvalidSecondFactor 26-20020a17090a031a00b002502161b063sm6111310pje.54 - gsmtp',
  stack: 'Error: Invalid login: 534-5.7.9 Application-specific password required. Learn more at\n' +
    '534 5.7.9  https://support.google.com/mail/?p=InvalidSecondFactor 26-20020a17090a031a00b002502161b063sm6111310pje.54 - gsmtp\n' +
    '    at SMTPConnection._formatError (D:\\internship\\mercelll\\assg1\\server\\express-typescript\\app\\node_modules\\nodemailer\\lib\\smtp-connection\\index.js:790:19)\n' +
    '    at SMTPConnection._actionAUTHComplete (D:\\internship\\mercelll\\assg1\\server\\express-typescript\\app\\node_modules\\nodemailer\\lib\\smtp-connection\\index.js:1564:34)\n' +
    '    at SMTPConnection.<anonymous> (D:\\internship\\mercelll\\assg1\\server\\express-typescript\\app\\node_modules\\nodemailer\\lib\\smtp-connection\\index.js:546:26)\n' +
    '    at SMTPConnection._processResponse (D:\\internship\\mercelll\\assg1\\server\\express-typescript\\app\\node_modules\\nodemailer\\lib\\smtp-connection\\index.js:969:20)\n' +
    '    at SMTPConnection._onData (D:\\internship\\mercelll\\assg1\\server\\express-typescript\\app\\node_modules\\nodemailer\\lib\\smtp-connection\\index.js:755:14)\n' +
    '    at TLSSocket.SMTPConnection._onSocketData (D:\\internship\\mercelll\\assg1\\server\\express-typescript\\app\\node_modules\\nodemailer\\lib\\smtp-connection\\index.js:193:44)\n' +
    '    at TLSSocket.emit (node:events:513:28)\n' +
    '    at addChunk (node:internal/streams/readable:324:12)\n' +
    '    at readableAddChunk (node:internal/streams/readable:297:9)\n' +
    '    at TLSSocket.Readable.push (node:internal/streams/readable:234:10)'
}
{
  level: 'error',
  timestamp: '2023-06-19 23:25:55',
  message: "Cannot read properties of undefined (reading 'email')",
  stack: "TypeError: Cannot read properties of undefined (reading 'email')\n" +
    '    at D:\\internship\\mercelll\\assg1\\server\\express-typescript\\app\\src\\controllers\\Api\\User.ts:10:30\n' +
    '    at Generator.next (<anonymous>)\n' +
    '    at D:\\internship\\mercelll\\assg1\\server\\express-typescript\\app\\src\\controllers\\Api\\User.ts:8:71\n' +
    '    at new Promise (<anonymous>)\n' +
    '    at __awaiter (D:\\internship\\mercelll\\assg1\\server\\express-typescript\\app\\src\\controllers\\Api\\User.ts:4:12)\n' +
    '    at getMe (D:\\internship\\mercelll\\assg1\\server\\express-typescript\\app\\src\\controllers\\Api\\User.ts:18:16)\n' +
    '    at Layer.handle [as handle_request] (D:\\internship\\mercelll\\assg1\\server\\express-typescript\\app\\node_modules\\express\\lib\\router\\layer.js:95:5)\n' +
    '    at next (D:\\internship\\mercelll\\assg1\\server\\express-typescript\\app\\node_modules\\express\\lib\\router\\route.js:144:13)\n' +
    '    at authMiddleware (D:\\internship\\mercelll\\assg1\\server\\express-typescript\\app\\src\\middlewares\\Authorise.ts:22:9)\n' +
    '    at Layer.handle [as handle_request] (D:\\internship\\mercelll\\assg1\\server\\express-typescript\\app\\node_modules\\express\\lib\\router\\layer.js:95:5)'
}
{
  level: 'error',
  timestamp: '2023-06-19 23:38:06',
  message: "Cannot destructure property 'name' of 'data' as it is undefined.",
  stack: "TypeError: Cannot destructure property 'name' of 'data' as it is undefined.\n" +
    '    at D:\\internship\\mercelll\\assg1\\server\\express-typescript\\app\\src\\controllers\\Api\\User.ts:11:21\n' +
    '    at Generator.next (<anonymous>)\n' +
    '    at D:\\internship\\mercelll\\assg1\\server\\express-typescript\\app\\src\\controllers\\Api\\User.ts:8:71\n' +
    '    at new Promise (<anonymous>)\n' +
    '    at __awaiter (D:\\internship\\mercelll\\assg1\\server\\express-typescript\\app\\src\\controllers\\Api\\User.ts:4:12)\n' +
    '    at getMe (D:\\internship\\mercelll\\assg1\\server\\express-typescript\\app\\src\\controllers\\Api\\User.ts:19:16)\n' +
    '    at Layer.handle [as handle_request] (D:\\internship\\mercelll\\assg1\\server\\express-typescript\\app\\node_modules\\express\\lib\\router\\layer.js:95:5)\n' +
    '    at next (D:\\internship\\mercelll\\assg1\\server\\express-typescript\\app\\node_modules\\express\\lib\\router\\route.js:144:13)\n' +
    '    at authMiddleware (D:\\internship\\mercelll\\assg1\\server\\express-typescript\\app\\src\\middlewares\\Authorise.ts:24:9)\n' +
    '    at Layer.handle [as handle_request] (D:\\internship\\mercelll\\assg1\\server\\express-typescript\\app\\node_modules\\express\\lib\\router\\layer.js:95:5)'
}
{
  level: 'error',
  timestamp: '2023-06-19 23:46:47',
  message: "Cannot read properties of undefined (reading 'name')",
  stack: "TypeError: Cannot read properties of undefined (reading 'name')\n" +
    '    at D:\\internship\\mercelll\\assg1\\server\\express-typescript\\app\\src\\controllers\\Api\\User.ts:11:30\n' +
    '    at Generator.next (<anonymous>)\n' +
    '    at D:\\internship\\mercelll\\assg1\\server\\express-typescript\\app\\src\\controllers\\Api\\User.ts:8:71\n' +
    '    at new Promise (<anonymous>)\n' +
    '    at __awaiter (D:\\internship\\mercelll\\assg1\\server\\express-typescript\\app\\src\\controllers\\Api\\User.ts:4:12)\n' +
    '    at getMe (D:\\internship\\mercelll\\assg1\\server\\express-typescript\\app\\src\\controllers\\Api\\User.ts:19:16)\n' +
    '    at Layer.handle [as handle_request] (D:\\internship\\mercelll\\assg1\\server\\express-typescript\\app\\node_modules\\express\\lib\\router\\layer.js:95:5)\n' +
    '    at next (D:\\internship\\mercelll\\assg1\\server\\express-typescript\\app\\node_modules\\express\\lib\\router\\route.js:144:13)\n' +
    '    at authMiddleware (D:\\internship\\mercelll\\assg1\\server\\express-typescript\\app\\src\\middlewares\\Authorise.ts:24:9)\n' +
    '    at Layer.handle [as handle_request] (D:\\internship\\mercelll\\assg1\\server\\express-typescript\\app\\node_modules\\express\\lib\\router\\layer.js:95:5)'
}
{
  level: 'error',
  timestamp: '2023-06-19 23:47:08',
  message: "Cannot read properties of undefined (reading 'name')",
  stack: "TypeError: Cannot read properties of undefined (reading 'name')\n" +
    '    at D:\\internship\\mercelll\\assg1\\server\\express-typescript\\app\\src\\controllers\\Api\\User.ts:12:30\n' +
    '    at Generator.next (<anonymous>)\n' +
    '    at D:\\internship\\mercelll\\assg1\\server\\express-typescript\\app\\src\\controllers\\Api\\User.ts:8:71\n' +
    '    at new Promise (<anonymous>)\n' +
    '    at __awaiter (D:\\internship\\mercelll\\assg1\\server\\express-typescript\\app\\src\\controllers\\Api\\User.ts:4:12)\n' +
    '    at getMe (D:\\internship\\mercelll\\assg1\\server\\express-typescript\\app\\src\\controllers\\Api\\User.ts:19:16)\n' +
    '    at Layer.handle [as handle_request] (D:\\internship\\mercelll\\assg1\\server\\express-typescript\\app\\node_modules\\express\\lib\\router\\layer.js:95:5)\n' +
    '    at next (D:\\internship\\mercelll\\assg1\\server\\express-typescript\\app\\node_modules\\express\\lib\\router\\route.js:144:13)\n' +
    '    at authMiddleware (D:\\internship\\mercelll\\assg1\\server\\express-typescript\\app\\src\\middlewares\\Authorise.ts:24:9)\n' +
    '    at Layer.handle [as handle_request] (D:\\internship\\mercelll\\assg1\\server\\express-typescript\\app\\node_modules\\express\\lib\\router\\layer.js:95:5)'
}
{
  level: 'error',
  timestamp: '2023-06-19 23:47:11',
  message: "Cannot read properties of undefined (reading 'name')",
  stack: "TypeError: Cannot read properties of undefined (reading 'name')\n" +
    '    at D:\\internship\\mercelll\\assg1\\server\\express-typescript\\app\\src\\controllers\\Api\\User.ts:12:30\n' +
    '    at Generator.next (<anonymous>)\n' +
    '    at D:\\internship\\mercelll\\assg1\\server\\express-typescript\\app\\src\\controllers\\Api\\User.ts:8:71\n' +
    '    at new Promise (<anonymous>)\n' +
    '    at __awaiter (D:\\internship\\mercelll\\assg1\\server\\express-typescript\\app\\src\\controllers\\Api\\User.ts:4:12)\n' +
    '    at getMe (D:\\internship\\mercelll\\assg1\\server\\express-typescript\\app\\src\\controllers\\Api\\User.ts:19:16)\n' +
    '    at Layer.handle [as handle_request] (D:\\internship\\mercelll\\assg1\\server\\express-typescript\\app\\node_modules\\express\\lib\\router\\layer.js:95:5)\n' +
    '    at next (D:\\internship\\mercelll\\assg1\\server\\express-typescript\\app\\node_modules\\express\\lib\\router\\route.js:144:13)\n' +
    '    at authMiddleware (D:\\internship\\mercelll\\assg1\\server\\express-typescript\\app\\src\\middlewares\\Authorise.ts:24:9)\n' +
    '    at Layer.handle [as handle_request] (D:\\internship\\mercelll\\assg1\\server\\express-typescript\\app\\node_modules\\express\\lib\\router\\layer.js:95:5)'
}
{
  level: 'error',
  timestamp: '2023-06-19 23:51:28',
  message: "Cannot read properties of undefined (reading 'name')",
  stack: "TypeError: Cannot read properties of undefined (reading 'name')\n" +
    '    at D:\\internship\\mercelll\\assg1\\server\\express-typescript\\app\\src\\controllers\\Api\\User.ts:12:30\n' +
    '    at Generator.next (<anonymous>)\n' +
    '    at D:\\internship\\mercelll\\assg1\\server\\express-typescript\\app\\src\\controllers\\Api\\User.ts:8:71\n' +
    '    at new Promise (<anonymous>)\n' +
    '    at __awaiter (D:\\internship\\mercelll\\assg1\\server\\express-typescript\\app\\src\\controllers\\Api\\User.ts:4:12)\n' +
    '    at getMe (D:\\internship\\mercelll\\assg1\\server\\express-typescript\\app\\src\\controllers\\Api\\User.ts:19:16)\n' +
    '    at Layer.handle [as handle_request] (D:\\internship\\mercelll\\assg1\\server\\express-typescript\\app\\node_modules\\express\\lib\\router\\layer.js:95:5)\n' +
    '    at next (D:\\internship\\mercelll\\assg1\\server\\express-typescript\\app\\node_modules\\express\\lib\\router\\route.js:144:13)\n' +
    '    at authMiddleware (D:\\internship\\mercelll\\assg1\\server\\express-typescript\\app\\src\\middlewares\\Authorise.ts:24:9)\n' +
    '    at Layer.handle [as handle_request] (D:\\internship\\mercelll\\assg1\\server\\express-typescript\\app\\node_modules\\express\\lib\\router\\layer.js:95:5)'
}
{
  level: 'error',
  timestamp: '2023-06-19 23:54:02',
  message: "Cannot read properties of undefined (reading 'name')",
  stack: "TypeError: Cannot read properties of undefined (reading 'name')\n" +
    '    at D:\\internship\\mercelll\\assg1\\server\\express-typescript\\app\\src\\controllers\\Api\\User.ts:15:31\n' +
    '    at Generator.next (<anonymous>)\n' +
    '    at D:\\internship\\mercelll\\assg1\\server\\express-typescript\\app\\src\\controllers\\Api\\User.ts:8:71\n' +
    '    at new Promise (<anonymous>)\n' +
    '    at __awaiter (D:\\internship\\mercelll\\assg1\\server\\express-typescript\\app\\src\\controllers\\Api\\User.ts:4:12)\n' +
    '    at getMe (D:\\internship\\mercelll\\assg1\\server\\express-typescript\\app\\src\\controllers\\Api\\User.ts:19:16)\n' +
    '    at Layer.handle [as handle_request] (D:\\internship\\mercelll\\assg1\\server\\express-typescript\\app\\node_modules\\express\\lib\\router\\layer.js:95:5)\n' +
    '    at next (D:\\internship\\mercelll\\assg1\\server\\express-typescript\\app\\node_modules\\express\\lib\\router\\route.js:144:13)\n' +
    '    at authMiddleware (D:\\internship\\mercelll\\assg1\\server\\express-typescript\\app\\src\\middlewares\\Authorise.ts:24:9)\n' +
    '    at Layer.handle [as handle_request] (D:\\internship\\mercelll\\assg1\\server\\express-typescript\\app\\node_modules\\express\\lib\\router\\layer.js:95:5)'
}
{
  level: 'error',
  timestamp: '2023-06-19 23:55:58',
  message: "Cannot read properties of undefined (reading 'name')",
  stack: "TypeError: Cannot read properties of undefined (reading 'name')\n" +
    '    at D:\\internship\\mercelll\\assg1\\server\\express-typescript\\app\\src\\controllers\\Api\\User.ts:16:31\n' +
    '    at Generator.next (<anonymous>)\n' +
    '    at D:\\internship\\mercelll\\assg1\\server\\express-typescript\\app\\src\\controllers\\Api\\User.ts:8:71\n' +
    '    at new Promise (<anonymous>)\n' +
    '    at __awaiter (D:\\internship\\mercelll\\assg1\\server\\express-typescript\\app\\src\\controllers\\Api\\User.ts:4:12)\n' +
    '    at getMe (D:\\internship\\mercelll\\assg1\\server\\express-typescript\\app\\src\\controllers\\Api\\User.ts:19:16)\n' +
    '    at Layer.handle [as handle_request] (D:\\internship\\mercelll\\assg1\\server\\express-typescript\\app\\node_modules\\express\\lib\\router\\layer.js:95:5)\n' +
    '    at next (D:\\internship\\mercelll\\assg1\\server\\express-typescript\\app\\node_modules\\express\\lib\\router\\route.js:144:13)\n' +
    '    at authMiddleware (D:\\internship\\mercelll\\assg1\\server\\express-typescript\\app\\src\\middlewares\\Authorise.ts:24:9)\n' +
    '    at Layer.handle [as handle_request] (D:\\internship\\mercelll\\assg1\\server\\express-typescript\\app\\node_modules\\express\\lib\\router\\layer.js:95:5)'
}
{
  level: 'error',
  timestamp: '2023-06-20 00:09:43',
  message: "Cannot read properties of undefined (reading 'name')",
  stack: "TypeError: Cannot read properties of undefined (reading 'name')\n" +
    '    at D:\\internship\\mercelll\\assg1\\server\\express-typescript\\app\\src\\controllers\\Api\\User.ts:25:35\n' +
    '    at Generator.next (<anonymous>)\n' +
    '    at D:\\internship\\mercelll\\assg1\\server\\express-typescript\\app\\src\\controllers\\Api\\User.ts:8:71\n' +
    '    at new Promise (<anonymous>)\n' +
    '    at __awaiter (D:\\internship\\mercelll\\assg1\\server\\express-typescript\\app\\src\\controllers\\Api\\User.ts:4:12)\n' +
    '    at getMe (D:\\internship\\mercelll\\assg1\\server\\express-typescript\\app\\src\\controllers\\Api\\User.ts:19:16)\n' +
    '    at Layer.handle [as handle_request] (D:\\internship\\mercelll\\assg1\\server\\express-typescript\\app\\node_modules\\express\\lib\\router\\layer.js:95:5)\n' +
    '    at next (D:\\internship\\mercelll\\assg1\\server\\express-typescript\\app\\node_modules\\express\\lib\\router\\route.js:144:13)\n' +
    '    at authMiddleware (D:\\internship\\mercelll\\assg1\\server\\express-typescript\\app\\src\\middlewares\\Authorise.ts:24:9)\n' +
    '    at Layer.handle [as handle_request] (D:\\internship\\mercelll\\assg1\\server\\express-typescript\\app\\node_modules\\express\\lib\\router\\layer.js:95:5)'
}
{
  level: 'error',
  timestamp: '2023-06-20 00:11:49',
  message: 'Invalid OTP',
  stack: 'Error: Invalid OTP\n' +
    '    at D:\\internship\\mercelll\\assg1\\server\\express-typescript\\app\\src\\controllers\\Auth\\Login.ts:47:23\n' +
    '    at Generator.next (<anonymous>)\n' +
    '    at D:\\internship\\mercelll\\assg1\\server\\express-typescript\\app\\src\\controllers\\Auth\\Login.ts:31:71\n' +
    '    at new Promise (<anonymous>)\n' +
    '    at __awaiter (D:\\internship\\mercelll\\assg1\\server\\express-typescript\\app\\src\\controllers\\Auth\\Login.ts:27:12)\n' +
    '    at otpVerify (D:\\internship\\mercelll\\assg1\\server\\express-typescript\\app\\src\\controllers\\Auth\\Login.ts:68:16)\n' +
    '    at Layer.handle [as handle_request] (D:\\internship\\mercelll\\assg1\\server\\express-typescript\\app\\node_modules\\express\\lib\\router\\layer.js:95:5)\n' +
    '    at next (D:\\internship\\mercelll\\assg1\\server\\express-typescript\\app\\node_modules\\express\\lib\\router\\route.js:144:13)\n' +
    '    at D:\\internship\\mercelll\\assg1\\server\\express-typescript\\app\\src\\middlewares\\Validate.ts:11:17\n' +
    '    at Layer.handle [as handle_request] (D:\\internship\\mercelll\\assg1\\server\\express-typescript\\app\\node_modules\\express\\lib\\router\\layer.js:95:5)'
}
{
  level: 'error',
  timestamp: '2023-06-20 00:11:57',
  message: 'Invalid OTP',
  stack: 'Error: Invalid OTP\n' +
    '    at D:\\internship\\mercelll\\assg1\\server\\express-typescript\\app\\src\\controllers\\Auth\\Login.ts:47:23\n' +
    '    at Generator.next (<anonymous>)\n' +
    '    at D:\\internship\\mercelll\\assg1\\server\\express-typescript\\app\\src\\controllers\\Auth\\Login.ts:31:71\n' +
    '    at new Promise (<anonymous>)\n' +
    '    at __awaiter (D:\\internship\\mercelll\\assg1\\server\\express-typescript\\app\\src\\controllers\\Auth\\Login.ts:27:12)\n' +
    '    at otpVerify (D:\\internship\\mercelll\\assg1\\server\\express-typescript\\app\\src\\controllers\\Auth\\Login.ts:68:16)\n' +
    '    at Layer.handle [as handle_request] (D:\\internship\\mercelll\\assg1\\server\\express-typescript\\app\\node_modules\\express\\lib\\router\\layer.js:95:5)\n' +
    '    at next (D:\\internship\\mercelll\\assg1\\server\\express-typescript\\app\\node_modules\\express\\lib\\router\\route.js:144:13)\n' +
    '    at D:\\internship\\mercelll\\assg1\\server\\express-typescript\\app\\src\\middlewares\\Validate.ts:11:17\n' +
    '    at Layer.handle [as handle_request] (D:\\internship\\mercelll\\assg1\\server\\express-typescript\\app\\node_modules\\express\\lib\\router\\layer.js:95:5)'
}
{
  level: 'error',
  timestamp: '2023-06-20 17:17:34',
  message: "Cannot read properties of undefined (reading 'name')",
  stack: "TypeError: Cannot read properties of undefined (reading 'name')\n" +
    '    at D:\\internship\\mercelll\\assg1\\server\\express-typescript\\app\\src\\controllers\\Api\\User.ts:11:36\n' +
    '    at Generator.next (<anonymous>)\n' +
    '    at D:\\internship\\mercelll\\assg1\\server\\express-typescript\\app\\src\\controllers\\Api\\User.ts:8:71\n' +
    '    at new Promise (<anonymous>)\n' +
    '    at __awaiter (D:\\internship\\mercelll\\assg1\\server\\express-typescript\\app\\src\\controllers\\Api\\User.ts:4:12)\n' +
    '    at getMe (D:\\internship\\mercelll\\assg1\\server\\express-typescript\\app\\src\\controllers\\Api\\User.ts:19:16)\n' +
    '    at Layer.handle [as handle_request] (D:\\internship\\mercelll\\assg1\\server\\express-typescript\\app\\node_modules\\express\\lib\\router\\layer.js:95:5)\n' +
    '    at next (D:\\internship\\mercelll\\assg1\\server\\express-typescript\\app\\node_modules\\express\\lib\\router\\route.js:144:13)\n' +
    '    at authMiddleware (D:\\internship\\mercelll\\assg1\\server\\express-typescript\\app\\src\\middlewares\\Authorise.ts:22:9)\n' +
    '    at Layer.handle [as handle_request] (D:\\internship\\mercelll\\assg1\\server\\express-typescript\\app\\node_modules\\express\\lib\\router\\layer.js:95:5)'
}
{
  level: 'error',
  timestamp: '2023-06-20 17:17:38',
  message: "Cannot read properties of undefined (reading 'name')",
  stack: "TypeError: Cannot read properties of undefined (reading 'name')\n" +
    '    at D:\\internship\\mercelll\\assg1\\server\\express-typescript\\app\\src\\controllers\\Api\\User.ts:11:36\n' +
    '    at Generator.next (<anonymous>)\n' +
    '    at D:\\internship\\mercelll\\assg1\\server\\express-typescript\\app\\src\\controllers\\Api\\User.ts:8:71\n' +
    '    at new Promise (<anonymous>)\n' +
    '    at __awaiter (D:\\internship\\mercelll\\assg1\\server\\express-typescript\\app\\src\\controllers\\Api\\User.ts:4:12)\n' +
    '    at getMe (D:\\internship\\mercelll\\assg1\\server\\express-typescript\\app\\src\\controllers\\Api\\User.ts:19:16)\n' +
    '    at Layer.handle [as handle_request] (D:\\internship\\mercelll\\assg1\\server\\express-typescript\\app\\node_modules\\express\\lib\\router\\layer.js:95:5)\n' +
    '    at next (D:\\internship\\mercelll\\assg1\\server\\express-typescript\\app\\node_modules\\express\\lib\\router\\route.js:144:13)\n' +
    '    at authMiddleware (D:\\internship\\mercelll\\assg1\\server\\express-typescript\\app\\src\\middlewares\\Authorise.ts:22:9)\n' +
    '    at Layer.handle [as handle_request] (D:\\internship\\mercelll\\assg1\\server\\express-typescript\\app\\node_modules\\express\\lib\\router\\layer.js:95:5)'
}
{
  level: 'error',
  timestamp: '2023-06-20 17:18:01',
  message: 'User not found',
  stack: 'Error: User not found\n' +
    '    at D:\\internship\\mercelll\\assg1\\server\\express-typescript\\app\\src\\controllers\\Auth\\Login.ts:43:23\n' +
    '    at Generator.next (<anonymous>)\n' +
    '    at D:\\internship\\mercelll\\assg1\\server\\express-typescript\\app\\src\\controllers\\Auth\\Login.ts:31:71\n' +
    '    at new Promise (<anonymous>)\n' +
    '    at __awaiter (D:\\internship\\mercelll\\assg1\\server\\express-typescript\\app\\src\\controllers\\Auth\\Login.ts:27:12)\n' +
    '    at otpVerify (D:\\internship\\mercelll\\assg1\\server\\express-typescript\\app\\src\\controllers\\Auth\\Login.ts:70:16)\n' +
    '    at Layer.handle [as handle_request] (D:\\internship\\mercelll\\assg1\\server\\express-typescript\\app\\node_modules\\express\\lib\\router\\layer.js:95:5)\n' +
    '    at next (D:\\internship\\mercelll\\assg1\\server\\express-typescript\\app\\node_modules\\express\\lib\\router\\route.js:144:13)\n' +
    '    at D:\\internship\\mercelll\\assg1\\server\\express-typescript\\app\\src\\middlewares\\Validate.ts:11:17\n' +
    '    at Layer.handle [as handle_request] (D:\\internship\\mercelll\\assg1\\server\\express-typescript\\app\\node_modules\\express\\lib\\router\\layer.js:95:5)'
}
{
  level: 'error',
  timestamp: '2023-06-21 01:06:34',
  message: "Cannot read properties of undefined (reading 'name')",
  stack: "TypeError: Cannot read properties of undefined (reading 'name')\n" +
    '    at D:\\internship\\mercelll\\assg1\\server\\task1\\app\\src\\controllers\\Api\\User.ts:11:36\n' +
    '    at Generator.next (<anonymous>)\n' +
    '    at D:\\internship\\mercelll\\assg1\\server\\task1\\app\\src\\controllers\\Api\\User.ts:8:71\n' +
    '    at new Promise (<anonymous>)\n' +
    '    at __awaiter (D:\\internship\\mercelll\\assg1\\server\\task1\\app\\src\\controllers\\Api\\User.ts:4:12)\n' +
    '    at getMe (D:\\internship\\mercelll\\assg1\\server\\task1\\app\\src\\controllers\\Api\\User.ts:19:16)\n' +
    '    at Layer.handle [as handle_request] (D:\\internship\\mercelll\\assg1\\server\\task1\\app\\node_modules\\express\\lib\\router\\layer.js:95:5)\n' +
    '    at next (D:\\internship\\mercelll\\assg1\\server\\task1\\app\\node_modules\\express\\lib\\router\\route.js:144:13)\n' +
    '    at authMiddleware (D:\\internship\\mercelll\\assg1\\server\\task1\\app\\src\\middlewares\\Authorise.ts:22:9)\n' +
    '    at Layer.handle [as handle_request] (D:\\internship\\mercelll\\assg1\\server\\task1\\app\\node_modules\\express\\lib\\router\\layer.js:95:5)'
}
{
  level: 'error',
  timestamp: '2023-06-21 01:08:33',
  message: "Cannot read properties of undefined (reading 'name')",
  stack: "TypeError: Cannot read properties of undefined (reading 'name')\n" +
    '    at D:\\internship\\mercelll\\assg1\\server\\task1\\app\\src\\controllers\\Api\\User.ts:11:36\n' +
    '    at Generator.next (<anonymous>)\n' +
    '    at D:\\internship\\mercelll\\assg1\\server\\task1\\app\\src\\controllers\\Api\\User.ts:8:71\n' +
    '    at new Promise (<anonymous>)\n' +
    '    at __awaiter (D:\\internship\\mercelll\\assg1\\server\\task1\\app\\src\\controllers\\Api\\User.ts:4:12)\n' +
    '    at getMe (D:\\internship\\mercelll\\assg1\\server\\task1\\app\\src\\controllers\\Api\\User.ts:19:16)\n' +
    '    at Layer.handle [as handle_request] (D:\\internship\\mercelll\\assg1\\server\\task1\\app\\node_modules\\express\\lib\\router\\layer.js:95:5)\n' +
    '    at next (D:\\internship\\mercelll\\assg1\\server\\task1\\app\\node_modules\\express\\lib\\router\\route.js:144:13)\n' +
    '    at authMiddleware (D:\\internship\\mercelll\\assg1\\server\\task1\\app\\src\\middlewares\\Authorise.ts:22:9)\n' +
    '    at Layer.handle [as handle_request] (D:\\internship\\mercelll\\assg1\\server\\task1\\app\\node_modules\\express\\lib\\router\\layer.js:95:5)'
}
